Determining if the pthread_create exist failed with the following output:
Change Dir: /home/user/ws/test1/build/CMakeFiles/CMakeTmp

Run Build Command:"/usr/bin/make" "cmTC_448f8/fast"
/usr/bin/make -f CMakeFiles/cmTC_448f8.dir/build.make CMakeFiles/cmTC_448f8.dir/build
make[1]: вход в каталог «/home/user/ws/test1/build/CMakeFiles/CMakeTmp»
Building C object CMakeFiles/cmTC_448f8.dir/CheckSymbolExists.c.o
/usr/bin/cc     -o CMakeFiles/cmTC_448f8.dir/CheckSymbolExists.c.o   -c /home/user/ws/test1/build/CMakeFiles/CMakeTmp/CheckSymbolExists.c
Linking C executable cmTC_448f8
/usr/bin/cmake -E cmake_link_script CMakeFiles/cmTC_448f8.dir/link.txt --verbose=1
/usr/bin/cc       CMakeFiles/cmTC_448f8.dir/CheckSymbolExists.c.o  -o cmTC_448f8 -rdynamic 
CMakeFiles/cmTC_448f8.dir/CheckSymbolExists.c.o: In function `main':
CheckSymbolExists.c:(.text+0x16): undefined reference to `pthread_create'
collect2: error: ld returned 1 exit status
CMakeFiles/cmTC_448f8.dir/build.make:97: ошибка выполнения рецепта для цели «cmTC_448f8»
make[1]: *** [cmTC_448f8] Ошибка 1
make[1]: выход из каталога «/home/user/ws/test1/build/CMakeFiles/CMakeTmp»
Makefile:126: ошибка выполнения рецепта для цели «cmTC_448f8/fast»
make: *** [cmTC_448f8/fast] Ошибка 2

File /home/user/ws/test1/build/CMakeFiles/CMakeTmp/CheckSymbolExists.c:
/* */
#include <pthread.h>

int main(int argc, char** argv)
{
  (void)argv;
#ifndef pthread_create
  return ((int*)(&pthread_create))[argc];
#else
  (void)argc;
  return 0;
#endif
}

Determining if the function pthread_create exists in the pthreads failed with the following output:
Change Dir: /home/user/ws/test1/build/CMakeFiles/CMakeTmp

Run Build Command:"/usr/bin/make" "cmTC_2b398/fast"
/usr/bin/make -f CMakeFiles/cmTC_2b398.dir/build.make CMakeFiles/cmTC_2b398.dir/build
make[1]: вход в каталог «/home/user/ws/test1/build/CMakeFiles/CMakeTmp»
Building C object CMakeFiles/cmTC_2b398.dir/CheckFunctionExists.c.o
/usr/bin/cc    -DCHECK_FUNCTION_EXISTS=pthread_create   -o CMakeFiles/cmTC_2b398.dir/CheckFunctionExists.c.o   -c /usr/share/cmake-3.5/Modules/CheckFunctionExists.c
Linking C executable cmTC_2b398
/usr/bin/cmake -E cmake_link_script CMakeFiles/cmTC_2b398.dir/link.txt --verbose=1
/usr/bin/cc   -DCHECK_FUNCTION_EXISTS=pthread_create    CMakeFiles/cmTC_2b398.dir/CheckFunctionExists.c.o  -o cmTC_2b398 -rdynamic -lpthreads 
/usr/bin/ld: cannot find -lpthreads
collect2: error: ld returned 1 exit status
CMakeFiles/cmTC_2b398.dir/build.make:97: ошибка выполнения рецепта для цели «cmTC_2b398»
make[1]: *** [cmTC_2b398] Ошибка 1
make[1]: выход из каталога «/home/user/ws/test1/build/CMakeFiles/CMakeTmp»
Makefile:126: ошибка выполнения рецепта для цели «cmTC_2b398/fast»
make: *** [cmTC_2b398/fast] Ошибка 2


